<?xml version="1.0" encoding="utf-8"?><testsuites name="pytest tests"><testsuite name="pytest" errors="0" failures="0" skipped="0" tests="29" time="10.876" timestamp="2026-03-06T20:49:01.447856+00:00" hostname="agent-env-0f158dc0-ed4c-469d-af44-237cb9e5c4c3"><testcase classname="backend.tests.test_api" name="test_health_check" time="0.139" /><testcase classname="backend.tests.test_api" name="test_api_root" time="0.138" /><testcase classname="backend.tests.test_api.TestRegistration" name="test_register_new_user" time="0.388" /><testcase classname="backend.tests.test_api.TestRegistration" name="test_register_duplicate_email" time="0.399" /><testcase classname="backend.tests.test_api.TestRegistration" name="test_register_missing_fields" time="0.104" /><testcase classname="backend.tests.test_api.TestLogin" name="test_login_valid_credentials" time="0.643" /><testcase classname="backend.tests.test_api.TestLogin" name="test_login_invalid_password" time="0.637" /><testcase classname="backend.tests.test_api.TestLogin" name="test_login_nonexistent_user" time="0.114" /><testcase classname="backend.tests.test_api.TestLogin" name="test_get_me_with_valid_token" time="0.417" /><testcase classname="backend.tests.test_api.TestLogin" name="test_get_me_without_token" time="0.116" /><testcase classname="backend.tests.test_api.TestLogin" name="test_get_me_with_invalid_token" time="0.110" /><testcase classname="backend.tests.test_api.TestOnboarding" name="test_update_onboarding" time="0.426" /><testcase classname="backend.tests.test_api.TestOnboarding" name="test_onboarding_persists_to_profile" time="0.518" /><testcase classname="backend.tests.test_api.TestOnboarding" name="test_onboarding_requires_auth" time="0.102" /><testcase classname="backend.tests.test_api.TestLuckScore" name="test_get_today_luck_requires_onboarding" time="0.478" /><testcase classname="backend.tests.test_api.TestLuckScore" name="test_get_today_luck_after_onboarding" time="0.442" /><testcase classname="backend.tests.test_api.TestLuckScore" name="test_chinese_calendar_fields_present" time="0.469" /><testcase classname="backend.tests.test_api.TestLuckScore" name="test_day_officer_calculation" time="0.516" /><testcase classname="backend.tests.test_api.TestLuckScore" name="test_business_quality_values" time="0.451" /><testcase classname="backend.tests.test_api.TestLuckScore" name="test_week_forecast_includes_chinese_calendar" time="0.459" /><testcase classname="backend.tests.test_api.TestLuckScore" name="test_luck_score_components_sum" time="0.510" /><testcase classname="backend.tests.test_api.TestLuckScore" name="test_get_luck_for_specific_date" time="0.501" /><testcase classname="backend.tests.test_api.TestLuckScore" name="test_get_luck_invalid_date" time="0.452" /><testcase classname="backend.tests.test_api.TestLuckScore" name="test_get_week_forecast" time="0.465" /><testcase classname="backend.tests.test_api.TestLuckScore" name="test_get_luck_history" time="0.530" /><testcase classname="backend.tests.test_api.TestLuckScore" name="test_today_luck_score_cached" time="0.551" /><testcase classname="backend.tests.test_api.TestLuckScore" name="test_luck_requires_auth" time="0.103" /><testcase classname="backend.tests.test_api.TestUserProfile" name="test_get_profile_authenticated" time="0.531" /><testcase classname="backend.tests.test_api.TestUserProfile" name="test_get_profile_requires_auth" time="0.120" /></testsuite></testsuites>