<?xml version="1.0" encoding="utf-8"?><testsuites name="pytest tests"><testsuite name="pytest" errors="0" failures="0" skipped="0" tests="25" time="9.503" timestamp="2026-03-06T20:22:40.379415+00:00" hostname="agent-env-0f158dc0-ed4c-469d-af44-237cb9e5c4c3"><testcase classname="backend.tests.test_api" name="test_health_check" time="0.275" /><testcase classname="backend.tests.test_api" name="test_api_root" time="0.111" /><testcase classname="backend.tests.test_api.TestRegistration" name="test_register_new_user" time="0.354" /><testcase classname="backend.tests.test_api.TestRegistration" name="test_register_duplicate_email" time="0.436" /><testcase classname="backend.tests.test_api.TestRegistration" name="test_register_missing_fields" time="0.129" /><testcase classname="backend.tests.test_api.TestLogin" name="test_login_valid_credentials" time="0.690" /><testcase classname="backend.tests.test_api.TestLogin" name="test_login_invalid_password" time="0.637" /><testcase classname="backend.tests.test_api.TestLogin" name="test_login_nonexistent_user" time="0.146" /><testcase classname="backend.tests.test_api.TestLogin" name="test_get_me_with_valid_token" time="0.423" /><testcase classname="backend.tests.test_api.TestLogin" name="test_get_me_without_token" time="0.162" /><testcase classname="backend.tests.test_api.TestLogin" name="test_get_me_with_invalid_token" time="0.160" /><testcase classname="backend.tests.test_api.TestOnboarding" name="test_update_onboarding" time="0.420" /><testcase classname="backend.tests.test_api.TestOnboarding" name="test_onboarding_persists_to_profile" time="0.454" /><testcase classname="backend.tests.test_api.TestOnboarding" name="test_onboarding_requires_auth" time="0.119" /><testcase classname="backend.tests.test_api.TestLuckScore" name="test_get_today_luck_requires_onboarding" time="0.459" /><testcase classname="backend.tests.test_api.TestLuckScore" name="test_get_today_luck_after_onboarding" time="0.486" /><testcase classname="backend.tests.test_api.TestLuckScore" name="test_luck_score_components_sum" time="0.495" /><testcase classname="backend.tests.test_api.TestLuckScore" name="test_get_luck_for_specific_date" time="0.701" /><testcase classname="backend.tests.test_api.TestLuckScore" name="test_get_luck_invalid_date" time="0.456" /><testcase classname="backend.tests.test_api.TestLuckScore" name="test_get_week_forecast" time="0.498" /><testcase classname="backend.tests.test_api.TestLuckScore" name="test_get_luck_history" time="0.558" /><testcase classname="backend.tests.test_api.TestLuckScore" name="test_today_luck_score_cached" time="0.535" /><testcase classname="backend.tests.test_api.TestLuckScore" name="test_luck_requires_auth" time="0.107" /><testcase classname="backend.tests.test_api.TestUserProfile" name="test_get_profile_authenticated" time="0.513" /><testcase classname="backend.tests.test_api.TestUserProfile" name="test_get_profile_requires_auth" time="0.116" /></testsuite></testsuites>