<?xml version="1.0" encoding="utf-8"?><testsuites name="pytest tests"><testsuite name="pytest" errors="0" failures="0" skipped="0" tests="36" time="14.401" timestamp="2026-03-06T21:06:40.603018+00:00" hostname="agent-env-0f158dc0-ed4c-469d-af44-237cb9e5c4c3"><testcase classname="backend.tests.test_api" name="test_health_check" time="0.141" /><testcase classname="backend.tests.test_api" name="test_api_root" time="0.110" /><testcase classname="backend.tests.test_api.TestRegistration" name="test_register_new_user" time="0.410" /><testcase classname="backend.tests.test_api.TestRegistration" name="test_register_duplicate_email" time="0.393" /><testcase classname="backend.tests.test_api.TestRegistration" name="test_register_missing_fields" time="0.114" /><testcase classname="backend.tests.test_api.TestLogin" name="test_login_valid_credentials" time="0.680" /><testcase classname="backend.tests.test_api.TestLogin" name="test_login_invalid_password" time="0.614" /><testcase classname="backend.tests.test_api.TestLogin" name="test_login_nonexistent_user" time="0.115" /><testcase classname="backend.tests.test_api.TestLogin" name="test_get_me_with_valid_token" time="0.386" /><testcase classname="backend.tests.test_api.TestLogin" name="test_get_me_without_token" time="0.105" /><testcase classname="backend.tests.test_api.TestLogin" name="test_get_me_with_invalid_token" time="0.112" /><testcase classname="backend.tests.test_api.TestOnboarding" name="test_update_onboarding" time="0.418" /><testcase classname="backend.tests.test_api.TestOnboarding" name="test_onboarding_persists_to_profile" time="0.491" /><testcase classname="backend.tests.test_api.TestOnboarding" name="test_onboarding_requires_auth" time="0.102" /><testcase classname="backend.tests.test_api.TestLuckScore" name="test_get_today_luck_requires_onboarding" time="0.398" /><testcase classname="backend.tests.test_api.TestLuckScore" name="test_get_today_luck_after_onboarding" time="0.465" /><testcase classname="backend.tests.test_api.TestLuckScore" name="test_chinese_calendar_fields_present" time="0.473" /><testcase classname="backend.tests.test_api.TestLuckScore" name="test_day_officer_calculation" time="0.516" /><testcase classname="backend.tests.test_api.TestLuckScore" name="test_business_quality_values" time="0.481" /><testcase classname="backend.tests.test_api.TestLuckScore" name="test_week_forecast_includes_chinese_calendar" time="0.483" /><testcase classname="backend.tests.test_api.TestLuckScore" name="test_luck_score_components_sum" time="0.485" /><testcase classname="backend.tests.test_api.TestLuckScore" name="test_get_luck_for_specific_date" time="0.448" /><testcase classname="backend.tests.test_api.TestLuckScore" name="test_get_luck_invalid_date" time="0.501" /><testcase classname="backend.tests.test_api.TestLuckScore" name="test_get_week_forecast" time="0.462" /><testcase classname="backend.tests.test_api.TestLuckScore" name="test_get_luck_history" time="0.556" /><testcase classname="backend.tests.test_api.TestLuckScore" name="test_today_luck_score_cached" time="0.541" /><testcase classname="backend.tests.test_api.TestLuckScore" name="test_luck_requires_auth" time="0.105" /><testcase classname="backend.tests.test_api.TestGG33Numerology" name="test_gg33_life_path_fields_present" time="0.494" /><testcase classname="backend.tests.test_api.TestGG33Numerology" name="test_friendly_and_challenging_numbers" time="0.453" /><testcase classname="backend.tests.test_api.TestGG33Numerology" name="test_chinese_lucky_number_meaning" time="0.440" /><testcase classname="backend.tests.test_api.TestGG33Numerology" name="test_master_number_detection_birth_date" time="0.658" /><testcase classname="backend.tests.test_api.TestGG33Numerology" name="test_lo_shu_grid_fields_present" time="0.474" /><testcase classname="backend.tests.test_api.TestGG33Numerology" name="test_lo_shu_strengths_content" time="0.533" /><testcase classname="backend.tests.test_api.TestGG33Numerology" name="test_chinese_number_4_is_unlucky" time="0.613" /><testcase classname="backend.tests.test_api.TestUserProfile" name="test_get_profile_authenticated" time="0.456" /><testcase classname="backend.tests.test_api.TestUserProfile" name="test_get_profile_requires_auth" time="0.113" /></testsuite></testsuites>